This is pdfTeX, Version 3.14159265-2.6-1.40.21 (TeX Live 2020) (preloaded format=pdflatex 2020.10.15)  28 FEB 2021 06:25
entering extended mode
 restricted \write18 enabled.
 file:line:error style messages enabled.
 %&-line parsing enabled.
**/Users/samuelbigirimana/Desktop/UiO/UiO/Samuel/FYS-MEK1110/oblig3/block/block.tex
(/Users/samuelbigirimana/Desktop/UiO/UiO/Samuel/FYS-MEK1110/oblig3/block/block.tex
LaTeX2e <2020-02-02> patch level 5
L3 programming layer <2020-03-06> (/usr/local/texlive/2020/texmf-dist/tex/latex/base/article.cls
Document Class: article 2019/12/20 v1.4l Standard LaTeX document class
(/usr/local/texlive/2020/texmf-dist/tex/latex/base/size10.clo
File: size10.clo 2019/12/20 v1.4l Standard LaTeX file (size option)
)
\c@part=\count167
\c@section=\count168
\c@subsection=\count169
\c@subsubsection=\count170
\c@paragraph=\count171
\c@subparagraph=\count172
\c@figure=\count173
\c@table=\count174
\abovecaptionskip=\skip47
\belowcaptionskip=\skip48
\bibindent=\dimen134
) (/usr/local/texlive/2020/texmf-dist/tex/latex/base/inputenc.sty
Package: inputenc 2018/08/11 v1.3c Input encoding file
\inpenc@prehook=\toks15
\inpenc@posthook=\toks16
) (/usr/local/texlive/2020/texmf-dist/tex/latex/mathtools/mathtools.sty
Package: mathtools 2020/03/24 v1.24 mathematical typesetting tools
 (/usr/local/texlive/2020/texmf-dist/tex/latex/graphics/keyval.sty
Package: keyval 2014/10/28 v1.15 key=value parser (DPC)
\KV@toks@=\toks17
) (/usr/local/texlive/2020/texmf-dist/tex/latex/tools/calc.sty
Package: calc 2017/05/25 v4.3 Infix arithmetic (KKT,FJ)
\calc@Acount=\count175
\calc@Bcount=\count176
\calc@Adimen=\dimen135
\calc@Bdimen=\dimen136
\calc@Askip=\skip49
\calc@Bskip=\skip50
LaTeX Info: Redefining \setlength on input line 80.
LaTeX Info: Redefining \addtolength on input line 81.
\calc@Ccount=\count177
\calc@Cskip=\skip51
) (/usr/local/texlive/2020/texmf-dist/tex/latex/mathtools/mhsetup.sty
Package: mhsetup 2017/03/31 v1.3 programming setup (MH)
) (/usr/local/texlive/2020/texmf-dist/tex/latex/amsmath/amsmath.sty
Package: amsmath 2020/01/20 v2.17e AMS math features
\@mathmargin=\skip52

For additional information on amsmath, use the `?' option.
(/usr/local/texlive/2020/texmf-dist/tex/latex/amsmath/amstext.sty
Package: amstext 2000/06/29 v2.01 AMS text
 (/usr/local/texlive/2020/texmf-dist/tex/latex/amsmath/amsgen.sty
File: amsgen.sty 1999/11/30 v2.0 generic functions
\@emptytoks=\toks18
\ex@=\dimen137
)) (/usr/local/texlive/2020/texmf-dist/tex/latex/amsmath/amsbsy.sty
Package: amsbsy 1999/11/29 v1.2d Bold Symbols
\pmbraise@=\dimen138
) (/usr/local/texlive/2020/texmf-dist/tex/latex/amsmath/amsopn.sty
Package: amsopn 2016/03/08 v2.02 operator names
)
\inf@bad=\count178
LaTeX Info: Redefining \frac on input line 227.
\uproot@=\count179
\leftroot@=\count180
LaTeX Info: Redefining \overline on input line 389.
\classnum@=\count181
\DOTSCASE@=\count182
LaTeX Info: Redefining \ldots on input line 486.
LaTeX Info: Redefining \dots on input line 489.
LaTeX Info: Redefining \cdots on input line 610.
\Mathstrutbox@=\box45
\strutbox@=\box46
\big@size=\dimen139
LaTeX Font Info:    Redeclaring font encoding OML on input line 733.
LaTeX Font Info:    Redeclaring font encoding OMS on input line 734.
\macc@depth=\count183
\c@MaxMatrixCols=\count184
\dotsspace@=\muskip16
\c@parentequation=\count185
\dspbrk@lvl=\count186
\tag@help=\toks19
\row@=\count187
\column@=\count188
\maxfields@=\count189
\andhelp@=\toks20
\eqnshift@=\dimen140
\alignsep@=\dimen141
\tagshift@=\dimen142
\tagwidth@=\dimen143
\totwidth@=\dimen144
\lineht@=\dimen145
\@envbody=\toks21
\multlinegap=\skip53
\multlinetaggap=\skip54
\mathdisplay@stack=\toks22
LaTeX Info: Redefining \[ on input line 2859.
LaTeX Info: Redefining \] on input line 2860.
)
LaTeX Info: Thecontrolsequence`\('isalreadyrobust on input line 130.
LaTeX Info: Thecontrolsequence`\)'isalreadyrobust on input line 130.
LaTeX Info: Thecontrolsequence`\['isalreadyrobust on input line 130.
LaTeX Info: Thecontrolsequence`\]'isalreadyrobust on input line 130.
\g_MT_multlinerow_int=\count190
\l_MT_multwidth_dim=\dimen146
\origjot=\skip55
\l_MT_shortvdotswithinadjustabove_dim=\dimen147
\l_MT_shortvdotswithinadjustbelow_dim=\dimen148
\l_MT_above_intertext_sep=\dimen149
\l_MT_below_intertext_sep=\dimen150
\l_MT_above_shortintertext_sep=\dimen151
\l_MT_below_shortintertext_sep=\dimen152
\xmathstrut@box=\box47
\xmathstrut@dim=\dimen153
) (/usr/local/texlive/2020/texmf-dist/tex/latex/amscls/amsthm.sty
Package: amsthm 2017/10/31 v2.20.4
\thm@style=\toks23
\thm@bodyfont=\toks24
\thm@headfont=\toks25
\thm@notefont=\toks26
\thm@headpunct=\toks27
\thm@preskip=\skip56
\thm@postskip=\skip57
\thm@headsep=\skip58
\dth@everypar=\toks28
) (/usr/local/texlive/2020/texmf-dist/tex/latex/graphics/graphicx.sty
Package: graphicx 2019/11/30 v1.2a Enhanced LaTeX Graphics (DPC,SPQR)
 (/usr/local/texlive/2020/texmf-dist/tex/latex/graphics/graphics.sty
Package: graphics 2019/11/30 v1.4a Standard LaTeX Graphics (DPC,SPQR)
 (/usr/local/texlive/2020/texmf-dist/tex/latex/graphics/trig.sty
Package: trig 2016/01/03 v1.10 sin cos tan (DPC)
) (/usr/local/texlive/2020/texmf-dist/tex/latex/graphics-cfg/graphics.cfg
File: graphics.cfg 2016/06/04 v1.11 sample graphics configuration
)
Package graphics Info: Driver file: pdftex.def on input line 105.
 (/usr/local/texlive/2020/texmf-dist/tex/latex/graphics-def/pdftex.def
File: pdftex.def 2018/01/08 v1.0l Graphics/color driver for pdftex
))
\Gin@req@height=\dimen154
\Gin@req@width=\dimen155
) (/usr/local/texlive/2020/texmf-dist/tex/latex/listings/listings.sty
\lst@mode=\count191
\lst@gtempboxa=\box48
\lst@token=\toks29
\lst@length=\count192
\lst@currlwidth=\dimen156
\lst@column=\count193
\lst@pos=\count194
\lst@lostspace=\dimen157
\lst@width=\dimen158
\lst@newlines=\count195
\lst@lineno=\count196
\lst@maxwidth=\dimen159
 (/usr/local/texlive/2020/texmf-dist/tex/latex/listings/lstmisc.sty
File: lstmisc.sty 2020/03/24 1.8d (Carsten Heinz)
\c@lstnumber=\count197
\lst@skipnumbers=\count198
\lst@framebox=\box49
) (/usr/local/texlive/2020/texmf-dist/tex/latex/listings/listings.cfg
File: listings.cfg 2020/03/24 1.8d listings configuration
))
Package: listings 2020/03/24 1.8d (Carsten Heinz)
 (/usr/local/texlive/2020/texmf-dist/tex/latex/xcolor/xcolor.sty
Package: xcolor 2016/05/11 v2.12 LaTeX color extensions (UK)
 (/usr/local/texlive/2020/texmf-dist/tex/latex/graphics-cfg/color.cfg
File: color.cfg 2016/01/02 v1.6 sample color configuration
)
Package xcolor Info: Driver file: pdftex.def on input line 225.
Package xcolor Info: Model `cmy' substituted by `cmy0' on input line 1348.
Package xcolor Info: Model `hsb' substituted by `rgb' on input line 1352.
Package xcolor Info: Model `RGB' extended on input line 1364.
Package xcolor Info: Model `HTML' substituted by `rgb' on input line 1366.
Package xcolor Info: Model `Hsb' substituted by `hsb' on input line 1367.
Package xcolor Info: Model `tHsb' substituted by `hsb' on input line 1368.
Package xcolor Info: Model `HSB' substituted by `hsb' on input line 1369.
Package xcolor Info: Model `Gray' substituted by `gray' on input line 1370.
Package xcolor Info: Model `wave' substituted by `hsb' on input line 1371.
) (/usr/local/texlive/2020/texmf-dist/tex/latex/cancel/cancel.sty
Package: cancel 2013/04/12 v2.2 Cancel math terms
) (/usr/local/texlive/2020/texmf-dist/tex/latex/amsfonts/amssymb.sty
Package: amssymb 2013/01/14 v3.01 AMS font symbols
 (/usr/local/texlive/2020/texmf-dist/tex/latex/amsfonts/amsfonts.sty
Package: amsfonts 2013/01/14 v3.01 Basic AMSFonts support
\symAMSa=\mathgroup4
\symAMSb=\mathgroup5
LaTeX Font Info:    Redeclaring math symbol \hbar on input line 98.
LaTeX Font Info:    Overwriting math alphabet `\mathfrak' in version `bold'
(Font)                  U/euf/m/n --> U/euf/b/n on input line 106.
)) (/usr/local/texlive/2020/texmf-dist/tex/latex/base/fontenc.sty
Package: fontenc 2020/02/11 v2.0o Standard LaTeX package
) (/usr/local/texlive/2020/texmf-dist/tex/latex/l3backend/l3backend-pdfmode.def
File: l3backend-pdfmode.def 2020-03-12 L3 backend support: PDF mode
\l__kernel_color_stack_int=\count199
\l__pdf_internal_box=\box50
) (/Users/samuelbigirimana/Desktop/UiO/UiO/Samuel/FYS-MEK1110/oblig3/block/block.aux)
\openout1 = `block.aux'.

LaTeX Font Info:    Checking defaults for OML/cmm/m/it on input line 18.
LaTeX Font Info:    ... okay on input line 18.
LaTeX Font Info:    Checking defaults for OMS/cmsy/m/n on input line 18.
LaTeX Font Info:    ... okay on input line 18.
LaTeX Font Info:    Checking defaults for OT1/cmr/m/n on input line 18.
LaTeX Font Info:    ... okay on input line 18.
LaTeX Font Info:    Checking defaults for T1/cmr/m/n on input line 18.
LaTeX Font Info:    ... okay on input line 18.
LaTeX Font Info:    Checking defaults for TS1/cmr/m/n on input line 18.
LaTeX Font Info:    ... okay on input line 18.
LaTeX Font Info:    Checking defaults for OMX/cmex/m/n on input line 18.
LaTeX Font Info:    ... okay on input line 18.
LaTeX Font Info:    Checking defaults for U/cmr/m/n on input line 18.
LaTeX Font Info:    ... okay on input line 18.
 (/usr/local/texlive/2020/texmf-dist/tex/context/base/mkii/supp-pdf.mkii
[Loading MPS to PDF converter (version 2006.09.02).]
\scratchcounter=\count266
\scratchdimen=\dimen160
\scratchbox=\box51
\nofMPsegments=\count267
\nofMParguments=\count268
\everyMPshowfont=\toks30
\MPscratchCnt=\count269
\MPscratchDim=\dimen161
\MPnumerator=\count270
\makeMPintoPDFobject=\count271
\everyMPtoPDFconversion=\toks31
) (/usr/local/texlive/2020/texmf-dist/tex/latex/epstopdf-pkg/epstopdf-base.sty
Package: epstopdf-base 2020-01-24 v2.11 Base part for package epstopdf
 (/usr/local/texlive/2020/texmf-dist/tex/generic/infwarerr/infwarerr.sty
Package: infwarerr 2019/12/03 v1.5 Providing info/warning/error messages (HO)
) (/usr/local/texlive/2020/texmf-dist/tex/latex/grfext/grfext.sty
Package: grfext 2019/12/03 v1.3 Manage graphics extensions (HO)
 (/usr/local/texlive/2020/texmf-dist/tex/generic/kvdefinekeys/kvdefinekeys.sty
Package: kvdefinekeys 2019-12-19 v1.6 Define keys (HO)
)) (/usr/local/texlive/2020/texmf-dist/tex/latex/kvoptions/kvoptions.sty
Package: kvoptions 2019/11/29 v3.13 Key value format for package options (HO)
 (/usr/local/texlive/2020/texmf-dist/tex/generic/ltxcmds/ltxcmds.sty
Package: ltxcmds 2019/12/15 v1.24 LaTeX kernel commands for general use (HO)
) (/usr/local/texlive/2020/texmf-dist/tex/generic/kvsetkeys/kvsetkeys.sty
Package: kvsetkeys 2019/12/15 v1.18 Key value parser (HO)
)) (/usr/local/texlive/2020/texmf-dist/tex/latex/pdftexcmds/pdftexcmds.sty
Package: pdftexcmds 2019/11/24 v0.31 Utility functions of pdfTeX for LuaTeX (HO)
 (/usr/local/texlive/2020/texmf-dist/tex/generic/iftex/iftex.sty
Package: iftex 2020/03/06 v1.0d TeX engine tests
)
Package pdftexcmds Info: \pdf@primitive is available.
Package pdftexcmds Info: \pdf@ifprimitive is available.
Package pdftexcmds Info: \pdfdraftmode found.
)
Package epstopdf-base Info: Redefining graphics rule for `.eps' on input line 485.
Package grfext Info: Graphics extension search list:
(grfext)             [.pdf,.png,.jpg,.mps,.jpeg,.jbig2,.jb2,.PDF,.PNG,.JPG,.JPEG,.JBIG2,.JB2,.eps]
(grfext)             \AppendGraphicsExtensions on input line 504.
 (/usr/local/texlive/2020/texmf-dist/tex/latex/latexconfig/epstopdf-sys.cfg
File: epstopdf-sys.cfg 2010/07/13 v1.3 Configuration of (r)epstopdf for TeX Live
))
\c@lstlisting=\count272
LaTeX Font Info:    Trying to load font information for U+msa on input line 19.
 (/usr/local/texlive/2020/texmf-dist/tex/latex/amsfonts/umsa.fd
File: umsa.fd 2013/01/14 v3.01 AMS symbols A
)
LaTeX Font Info:    Trying to load font information for U+msb on input line 19.
 (/usr/local/texlive/2020/texmf-dist/tex/latex/amsfonts/umsb.fd
File: umsb.fd 2013/01/14 v3.01 AMS symbols B
)
<../c.png, id=1, 428.60126pt x 161.60374pt>
File: ../c.png Graphic file (type png)
<use ../c.png>
Package pdftex.def Info: ../c.png  used on input line 41.
(pdftex.def)             Requested size: 342.88147pt x 129.28316pt.
 [1

{/usr/local/texlive/2020/texmf-var/fonts/map/pdftex/updmap/pdftex.map} </Users/samuelbigirimana/Desktop/UiO/UiO/Samuel/FYS-MEK1110/oblig3/block/../c.png>] (/usr/local/texlive/2020/texmf-dist/tex/latex/listings/lstlang1.sty
File: lstlang1.sty 2020/03/24 1.8d listings language file
) (/Users/samuelbigirimana/Desktop/UiO/UiO/Samuel/FYS-MEK1110/oblig3/block/../fx_plot.py
Overfull \hbox (50.90634pt too wide) in paragraph at lines 8--9
[][][][][][][][][][][][][][][][][][][][][][][][][][][] 
 []

) [2]
<../fx-plot.png, id=27, 1040.688pt x 624.4128pt>
File: ../fx-plot.png Graphic file (type png)
<use ../fx-plot.png>
Package pdftex.def Info: ../fx-plot.png  used on input line 67.
(pdftex.def)             Requested size: 468.30528pt x 280.98315pt.

Overfull \hbox (123.30528pt too wide) in paragraph at lines 67--68
 [] 
 []

(/Users/samuelbigirimana/Desktop/UiO/UiO/Samuel/FYS-MEK1110/oblig3/block/../block.py
Overfull \hbox (32.9106pt too wide) in paragraph at lines 5--6
[][][][][][][][][][][][][][][][][][][][][][][][][][][][][] 
 []


Overfull \hbox (56.90492pt too wide) in paragraph at lines 7--8
[][][][][][][][][][][][][][][][][][][][][][][][][][][][][][][][][][][][] 
 []

[3 </Users/samuelbigirimana/Desktop/UiO/UiO/Samuel/FYS-MEK1110/oblig3/block/../fx-plot.png>]
Overfull \hbox (50.90634pt too wide) in paragraph at lines 22--23
[][][][][][][][][][][][][][][][][][][][][][][][][] 
 []


Overfull \hbox (68.90208pt too wide) in paragraph at lines 40--41
[][][][][][][][][][][][][][][][][][][][][][][][][][][][][][][] 
 []


Overfull \hbox (14.91486pt too wide) in paragraph at lines 47--48
[][][][][][][][][][][][][][][][][][][][][][][][][][][][][] 
 []

) [4]
<../block.png, id=36, 1040.688pt x 624.4128pt>
File: ../block.png Graphic file (type png)
<use ../block.png>
Package pdftex.def Info: ../block.png  used on input line 75.
(pdftex.def)             Requested size: 468.30528pt x 280.98315pt.

Overfull \hbox (123.30528pt too wide) in paragraph at lines 75--76
 [] 
 []

(/Users/samuelbigirimana/Desktop/UiO/UiO/Samuel/FYS-MEK1110/oblig3/block/../block2.py
Overfull \hbox (32.9106pt too wide) in paragraph at lines 5--6
[][][][][][][][][][][][][][][][][][][][][][][][][][][][][] 
 []


Overfull \hbox (62.9035pt too wide) in paragraph at lines 7--8
[][][][][][][][][][][][][][][][][][][][][][][][][][][][][][][][][][][][] 
 []

[5 </Users/samuelbigirimana/Desktop/UiO/UiO/Samuel/FYS-MEK1110/oblig3/block/../block.png>]
Overfull \hbox (50.90634pt too wide) in paragraph at lines 22--23
[][][][][][][][][][][][][][][][][][][][][][][][][] 
 []


Overfull \hbox (68.90208pt too wide) in paragraph at lines 40--41
[][][][][][][][][][][][][][][][][][][][][][][][][][][][][][][] 
 []


Overfull \hbox (14.91486pt too wide) in paragraph at lines 47--48
[][][][][][][][][][][][][][][][][][][][][][][][][][][][][] 
 []

) [6]
<../block2.png, id=44, 1040.688pt x 624.4128pt>
File: ../block2.png Graphic file (type png)
<use ../block2.png>
Package pdftex.def Info: ../block2.png  used on input line 83.
(pdftex.def)             Requested size: 468.30528pt x 280.98315pt.

Overfull \hbox (123.30528pt too wide) in paragraph at lines 83--84
 [] 
 []

[7 </Users/samuelbigirimana/Desktop/UiO/UiO/Samuel/FYS-MEK1110/oblig3/block/../block2.png>]
<../k.png, id=50, 800.9925pt x 520.44438pt>
File: ../k.png Graphic file (type png)
<use ../k.png>
Package pdftex.def Info: ../k.png  used on input line 118.
(pdftex.def)             Requested size: 360.4433pt x 234.1978pt.

Overfull \hbox (15.4433pt too wide) in paragraph at lines 118--119
 [] 
 []

[8 </Users/samuelbigirimana/Desktop/UiO/UiO/Samuel/FYS-MEK1110/oblig3/block/../k.png>] (/Users/samuelbigirimana/Desktop/UiO/UiO/Samuel/FYS-MEK1110/oblig3/block/../block2.py
Overfull \hbox (32.9106pt too wide) in paragraph at lines 5--6
[][][][][][][][][][][][][][][][][][][][][][][][][][][][][] 
 []


Overfull \hbox (62.9035pt too wide) in paragraph at lines 7--8
[][][][][][][][][][][][][][][][][][][][][][][][][][][][][][][][][][][][] 
 []


Overfull \hbox (50.90634pt too wide) in paragraph at lines 22--23
[][][][][][][][][][][][][][][][][][][][][][][][][] 
 []


Overfull \hbox (68.90208pt too wide) in paragraph at lines 40--41
[][][][][][][][][][][][][][][][][][][][][][][][][][][][][][][] 
 []

[9]
Overfull \hbox (14.91486pt too wide) in paragraph at lines 47--48
[][][][][][][][][][][][][][][][][][][][][][][][][][][][][] 
 []

)
<../block3.png, id=58, 1040.688pt x 624.4128pt>
File: ../block3.png Graphic file (type png)
<use ../block3.png>
Package pdftex.def Info: ../block3.png  used on input line 126.
(pdftex.def)             Requested size: 468.30528pt x 280.98315pt.

Overfull \hbox (123.30528pt too wide) in paragraph at lines 126--127
 [] 
 []

[10 </Users/samuelbigirimana/Desktop/UiO/UiO/Samuel/FYS-MEK1110/oblig3/block/../block3.png>]
<../balance.png, id=63, 1179.40625pt x 240.9pt>
File: ../balance.png Graphic file (type png)
<use ../balance.png>
Package pdftex.def Info: ../balance.png  used on input line 139.
(pdftex.def)             Requested size: 471.75415pt x 96.35828pt.

Overfull \hbox (126.75415pt too wide) in paragraph at lines 139--140
 [] 
 []

[11 </Users/samuelbigirimana/Desktop/UiO/UiO/Samuel/FYS-MEK1110/oblig3/block/../balance.png>] (/Users/samuelbigirimana/Desktop/UiO/UiO/Samuel/FYS-MEK1110/oblig3/block/block.aux) ) 
Here is how much of TeX's memory you used:
 5981 strings out of 480608
 81528 string characters out of 5903629
 540009 words of memory out of 5000000
 21769 multiletter control sequences out of 15000+600000
 546239 words of font info for 65 fonts, out of 8000000 for 9000
 1141 hyphenation exceptions out of 8191
 37i,17n,42p,329b,1670s stack positions out of 5000i,500n,10000p,200000b,80000s
{/usr/local/texlive/2020/texmf-dist/fonts/enc/dvips/cm-super/cm-super-ts1.enc}{/usr/local/texlive/2020/texmf-dist/fonts/enc/dvips/cm-super/cm-super-t1.enc}</usr/local/texlive/2020/texmf-dist/fonts/type1/public/amsfonts/cm/cmex10.pfb></usr/local/texlive/2020/texmf-dist/fonts/type1/public/amsfonts/cm/cmmi10.pfb></usr/local/texlive/2020/texmf-dist/fonts/type1/public/amsfonts/cm/cmmi12.pfb></usr/local/texlive/2020/texmf-dist/fonts/type1/public/amsfonts/cm/cmmi7.pfb></usr/local/texlive/2020/texmf-dist/fonts/type1/public/amsfonts/cm/cmr10.pfb></usr/local/texlive/2020/texmf-dist/fonts/type1/public/amsfonts/cm/cmr12.pfb></usr/local/texlive/2020/texmf-dist/fonts/type1/public/amsfonts/cm/cmr7.pfb></usr/local/texlive/2020/texmf-dist/fonts/type1/public/amsfonts/cm/cmsy10.pfb></usr/local/texlive/2020/texmf-dist/fonts/type1/public/cm-super/sfbx1000.pfb></usr/local/texlive/2020/texmf-dist/fonts/type1/public/cm-super/sfbx1440.pfb></usr/local/texlive/2020/texmf-dist/fonts/type1/public/cm-super/sfrm1000.pfb></usr/local/texlive/2020/texmf-dist/fonts/type1/public/cm-super/sfrm1200.pfb></usr/local/texlive/2020/texmf-dist/fonts/type1/public/cm-super/sfrm1728.pfb></usr/local/texlive/2020/texmf-dist/fonts/type1/public/cm-super/sfti1000.pfb>
Output written on /Users/samuelbigirimana/Desktop/UiO/UiO/Samuel/FYS-MEK1110/oblig3/block/block.pdf (11 pages, 1242908 bytes).
PDF statistics:
 117 PDF objects out of 1000 (max. 8388607)
 75 compressed objects within 1 object stream
 0 named destinations out of 1000 (max. 500000)
 36 words of extra memory for PDF output out of 10000 (max. 10000000)

